This file contains any messages produced by compilers while
running configure, to aid debugging if configure makes a mistake.

It was created by mesh configure 0.1, which was
generated by GNU Autoconf 2.67.  Invocation command line was

  $ /home/rm/code/seminar_c/mesh/configure --enable-maintainer-mode CFLAGS=-g -O0 CXXFLAGS=-g -O0 JFLAGS=-g -O0 FFLAGS=-g -O0

## --------- ##
## Platform. ##
## --------- ##

hostname = debcodec
uname -m = x86_64
uname -r = 2.6.32-5-amd64
uname -s = Linux
uname -v = #1 SMP Fri May 10 08:43:19 UTC 2013

/usr/bin/uname -p = unknown
/bin/uname -X     = unknown

/bin/arch              = unknown
/usr/bin/arch -k       = unknown
/usr/convex/getsysinfo = unknown
/usr/bin/hostinfo      = unknown
/bin/machine           = unknown
/usr/bin/oslevel       = unknown
/bin/universe          = unknown

PATH: /usr/local/bin
PATH: /usr/bin
PATH: /bin
PATH: /usr/local/games
PATH: /usr/games


## ----------- ##
## Core tests. ##
## ----------- ##

configure:2413: checking for a BSD-compatible install
configure:2481: result: /usr/bin/install -c
configure:2492: checking whether build environment is sane
configure:2542: result: yes
configure:2683: checking for a thread-safe mkdir -p
configure:2722: result: /bin/mkdir -p
configure:2735: checking for gawk
configure:2765: result: no
configure:2735: checking for mawk
configure:2751: found /usr/bin/mawk
configure:2762: result: mawk
configure:2773: checking whether make sets $(MAKE)
configure:2795: result: yes
configure:2878: checking whether to enable maintainer-specific portions of Makefiles
configure:2887: result: yes
configure:2949: checking for gcc
configure:2965: found /usr/bin/gcc
configure:2976: result: gcc
configure:3205: checking for C compiler version
configure:3214: gcc --version >&5
gcc (Debian 4.4.5-8) 4.4.5
Copyright (C) 2010 Free Software Foundation, Inc.
This is free software; see the source for copying conditions.  There is NO
warranty; not even for MERCHANTABILITY or FITNESS FOR A PARTICULAR PURPOSE.

configure:3225: $? = 0
configure:3214: gcc -v >&5
Using built-in specs.
Target: x86_64-linux-gnu
Configured with: ../src/configure -v --with-pkgversion='Debian 4.4.5-8' --with-bugurl=file:///usr/share/doc/gcc-4.4/README.Bugs --enable-languages=c,c++,fortran,objc,obj-c++ --prefix=/usr --program-suffix=-4.4 --enable-shared --enable-multiarch --enable-linker-build-id --with-system-zlib --libexecdir=/usr/lib --without-included-gettext --enable-threads=posix --with-gxx-include-dir=/usr/include/c++/4.4 --libdir=/usr/lib --enable-nls --enable-clocale=gnu --enable-libstdcxx-debug --enable-objc-gc --with-arch-32=i586 --with-tune=generic --enable-checking=release --build=x86_64-linux-gnu --host=x86_64-linux-gnu --target=x86_64-linux-gnu
Thread model: posix
gcc version 4.4.5 (Debian 4.4.5-8) 
configure:3225: $? = 0
configure:3214: gcc -V >&5
gcc: '-V' option must have argument
configure:3225: $? = 1
configure:3214: gcc -qversion >&5
gcc: unrecognized option '-qversion'
gcc: no input files
configure:3225: $? = 1
configure:3245: checking whether the C compiler works
configure:3267: gcc -g -O0   conftest.c  >&5
configure:3271: $? = 0
configure:3319: result: yes
configure:3322: checking for C compiler default output file name
configure:3324: result: a.out
configure:3330: checking for suffix of executables
configure:3337: gcc -o conftest -g -O0   conftest.c  >&5
configure:3341: $? = 0
configure:3363: result: 
configure:3385: checking whether we are cross compiling
configure:3393: gcc -o conftest -g -O0   conftest.c  >&5
configure:3397: $? = 0
configure:3404: ./conftest
configure:3408: $? = 0
configure:3423: result: no
configure:3428: checking for suffix of object files
configure:3450: gcc -c -g -O0  conftest.c >&5
configure:3454: $? = 0
configure:3475: result: o
configure:3479: checking whether we are using the GNU C compiler
configure:3498: gcc -c -g -O0  conftest.c >&5
configure:3498: $? = 0
configure:3507: result: yes
configure:3516: checking whether gcc accepts -g
configure:3536: gcc -c -g  conftest.c >&5
configure:3536: $? = 0
configure:3577: result: yes
configure:3594: checking for gcc option to accept ISO C89
configure:3658: gcc  -c -g -O0  conftest.c >&5
configure:3658: $? = 0
configure:3671: result: none needed
configure:3702: checking for style of include used by make
configure:3730: result: GNU
configure:3755: checking dependency style of gcc
configure:3865: result: gcc3
configure:3897: checking how to run the C preprocessor
configure:3928: gcc -E  conftest.c
configure:3928: $? = 0
configure:3942: gcc -E  conftest.c
conftest.c:12:28: error: ac_nonexistent.h: No such file or directory
configure:3942: $? = 1
configure: failed program was:
| /* confdefs.h */
| #define PACKAGE_NAME "mesh"
| #define PACKAGE_TARNAME "mesh"
| #define PACKAGE_VERSION "0.1"
| #define PACKAGE_STRING "mesh 0.1"
| #define PACKAGE_BUGREPORT ""
| #define PACKAGE_URL ""
| #define PACKAGE "mesh"
| #define VERSION "0.1"
| #define GETTEXT_PACKAGE "mesh"
| /* end confdefs.h.  */
| #include <ac_nonexistent.h>
configure:3967: result: gcc -E
configure:3987: gcc -E  conftest.c
configure:3987: $? = 0
configure:4001: gcc -E  conftest.c
conftest.c:12:28: error: ac_nonexistent.h: No such file or directory
configure:4001: $? = 1
configure: failed program was:
| /* confdefs.h */
| #define PACKAGE_NAME "mesh"
| #define PACKAGE_TARNAME "mesh"
| #define PACKAGE_VERSION "0.1"
| #define PACKAGE_STRING "mesh 0.1"
| #define PACKAGE_BUGREPORT ""
| #define PACKAGE_URL ""
| #define PACKAGE "mesh"
| #define VERSION "0.1"
| #define GETTEXT_PACKAGE "mesh"
| /* end confdefs.h.  */
| #include <ac_nonexistent.h>
configure:4030: checking for grep that handles long lines and -e
configure:4088: result: /bin/grep
configure:4093: checking for egrep
configure:4155: result: /bin/grep -E
configure:4160: checking for ANSI C header files
configure:4180: gcc -c -g -O0  conftest.c >&5
configure:4180: $? = 0
configure:4253: gcc -o conftest -g -O0   conftest.c  >&5
configure:4253: $? = 0
configure:4253: ./conftest
configure:4253: $? = 0
configure:4264: result: yes
configure:4277: checking for sys/types.h
configure:4277: gcc -c -g -O0  conftest.c >&5
configure:4277: $? = 0
configure:4277: result: yes
configure:4277: checking for sys/stat.h
configure:4277: gcc -c -g -O0  conftest.c >&5
configure:4277: $? = 0
configure:4277: result: yes
configure:4277: checking for stdlib.h
configure:4277: gcc -c -g -O0  conftest.c >&5
configure:4277: $? = 0
configure:4277: result: yes
configure:4277: checking for string.h
configure:4277: gcc -c -g -O0  conftest.c >&5
configure:4277: $? = 0
configure:4277: result: yes
configure:4277: checking for memory.h
configure:4277: gcc -c -g -O0  conftest.c >&5
configure:4277: $? = 0
configure:4277: result: yes
configure:4277: checking for strings.h
configure:4277: gcc -c -g -O0  conftest.c >&5
configure:4277: $? = 0
configure:4277: result: yes
configure:4277: checking for inttypes.h
configure:4277: gcc -c -g -O0  conftest.c >&5
configure:4277: $? = 0
configure:4277: result: yes
configure:4277: checking for stdint.h
configure:4277: gcc -c -g -O0  conftest.c >&5
configure:4277: $? = 0
configure:4277: result: yes
configure:4277: checking for unistd.h
configure:4277: gcc -c -g -O0  conftest.c >&5
configure:4277: $? = 0
configure:4277: result: yes
configure:4292: checking locale.h usability
configure:4292: gcc -c -g -O0  conftest.c >&5
configure:4292: $? = 0
configure:4292: result: yes
configure:4292: checking locale.h presence
configure:4292: gcc -E  conftest.c
configure:4292: $? = 0
configure:4292: result: yes
configure:4292: checking for locale.h
configure:4292: result: yes
configure:4303: checking for LC_MESSAGES
configure:4319: gcc -o conftest -g -O0   conftest.c  >&5
configure:4319: $? = 0
configure:4327: result: yes
configure:4344: checking libintl.h usability
configure:4344: gcc -c -g -O0  conftest.c >&5
configure:4344: $? = 0
configure:4344: result: yes
configure:4344: checking libintl.h presence
configure:4344: gcc -E  conftest.c
configure:4344: $? = 0
configure:4344: result: yes
configure:4344: checking for libintl.h
configure:4344: result: yes
configure:4352: checking for ngettext in libc
configure:4370: gcc -o conftest -g -O0   conftest.c  >&5
configure:4370: $? = 0
configure:4379: result: yes
configure:4383: checking for dgettext in libc
configure:4401: gcc -o conftest -g -O0   conftest.c  >&5
configure:4401: $? = 0
configure:4410: result: yes
configure:4417: checking for bind_textdomain_codeset
configure:4417: gcc -o conftest -g -O0   conftest.c  >&5
configure:4417: $? = 0
configure:4417: result: yes
configure:4693: checking for msgfmt
configure:4720: result: /usr/bin/msgfmt
configure:4731: checking for dcgettext
configure:4731: gcc -o conftest -g -O0   conftest.c   >&5
conftest.c:49: warning: conflicting types for built-in function 'dcgettext'
configure:4731: $? = 0
configure:4731: result: yes
configure:4741: checking if msgfmt accepts -c
configure:4756: $MSGFMT -c -o /dev/null conftest.foo
configure:4759: $? = 0
configure:4761: result: yes
configure:4771: checking for gmsgfmt
configure:4802: result: /usr/bin/msgfmt
configure:4812: checking for xgettext
configure:4839: result: /usr/bin/xgettext
configure:4858: gcc -o conftest -g -O0   conftest.c   >&5
configure:4858: $? = 0
configure:4994: checking whether NLS is requested
configure:5003: result: yes
configure:5018: checking for intltool >= 0.35.0
configure:5025: result: 0.41.1 found
configure:5033: checking for intltool-update
configure:5051: found /usr/bin/intltool-update
configure:5063: result: /usr/bin/intltool-update
configure:5073: checking for intltool-merge
configure:5091: found /usr/bin/intltool-merge
configure:5103: result: /usr/bin/intltool-merge
configure:5113: checking for intltool-extract
configure:5131: found /usr/bin/intltool-extract
configure:5143: result: /usr/bin/intltool-extract
configure:5274: checking for xgettext
configure:5304: result: /usr/bin/xgettext
configure:5314: checking for msgmerge
configure:5332: found /usr/bin/msgmerge
configure:5344: result: /usr/bin/msgmerge
configure:5354: checking for msgfmt
configure:5384: result: /usr/bin/msgfmt
configure:5394: checking for gmsgfmt
configure:5425: result: /usr/bin/msgfmt
configure:5445: checking for perl
configure:5463: found /usr/bin/perl
configure:5475: result: /usr/bin/perl
configure:5486: checking for perl >= 5.8.1
configure:5493: result: 5.10.1
configure:5497: checking for XML::Parser
configure:5500: result: ok
configure:5583: checking build system type
configure:5597: result: x86_64-unknown-linux-gnu
configure:5617: checking host system type
configure:5630: result: x86_64-unknown-linux-gnu
configure:5650: checking for a sed that does not truncate output
configure:5714: result: /bin/sed
configure:5732: checking for fgrep
configure:5794: result: /bin/grep -F
configure:5829: checking for ld used by gcc
configure:5896: result: /usr/bin/ld
configure:5903: checking if the linker (/usr/bin/ld) is GNU ld
configure:5918: result: yes
configure:5930: checking for BSD- or MS-compatible name lister (nm)
configure:5979: result: /usr/bin/nm -B
configure:6097: checking the name lister (/usr/bin/nm -B) interface
configure:6104: gcc -c -g -O0  conftest.c >&5
configure:6107: /usr/bin/nm -B "conftest.o"
configure:6110: output
0000000000000000 B some_variable
configure:6117: result: BSD nm
configure:6120: checking whether ln -s works
configure:6124: result: yes
configure:6132: checking the maximum length of command line arguments
configure:6252: result: 1572864
configure:6269: checking whether the shell understands some XSI constructs
configure:6279: result: yes
configure:6283: checking whether the shell understands "+="
configure:6289: result: yes
configure:6324: checking for /usr/bin/ld option to reload object files
configure:6331: result: -r
configure:6400: checking for objdump
configure:6416: found /usr/bin/objdump
configure:6427: result: objdump
configure:6459: checking how to recognize dependent libraries
configure:6655: result: pass_all
configure:6715: checking for ar
configure:6731: found /usr/bin/ar
configure:6742: result: ar
configure:6820: checking for strip
configure:6836: found /usr/bin/strip
configure:6847: result: strip
configure:6919: checking for ranlib
configure:6935: found /usr/bin/ranlib
configure:6946: result: ranlib
configure:7036: checking command to parse /usr/bin/nm -B output from gcc object
configure:7154: gcc -c -g -O0  conftest.c >&5
configure:7157: $? = 0
configure:7161: /usr/bin/nm -B conftest.o \| sed -n -e 's/^.*[	 ]\([ABCDGIRSTW][ABCDGIRSTW]*\)[	 ][	 ]*\([_A-Za-z][_A-Za-z0-9]*\)$/\1 \2 \2/p' \> conftest.nm
configure:7164: $? = 0
configure:7218: gcc -o conftest -g -O0   conftest.c conftstm.o >&5
configure:7221: $? = 0
configure:7259: result: ok
configure:7354: gcc -c -g -O0  conftest.c >&5
configure:7357: $? = 0
configure:8064: checking for dlfcn.h
configure:8064: gcc -c -g -O0  conftest.c >&5
configure:8064: $? = 0
configure:8064: result: yes
configure:8248: checking for objdir
configure:8263: result: .libs
configure:8555: checking if gcc supports -fno-rtti -fno-exceptions
configure:8573: gcc -c -g -O0  -fno-rtti -fno-exceptions conftest.c >&5
cc1: warning: command line option "-fno-rtti" is valid for C++/ObjC++ but not for C
configure:8577: $? = 0
configure:8590: result: no
configure:8610: checking for gcc option to produce PIC
configure:8882: result: -fPIC -DPIC
configure:8894: checking if gcc PIC flag -fPIC -DPIC works
configure:8912: gcc -c -g -O0  -fPIC -DPIC -DPIC conftest.c >&5
configure:8916: $? = 0
configure:8929: result: yes
configure:8953: checking if gcc static flag -static works
configure:8981: result: yes
configure:8996: checking if gcc supports -c -o file.o
configure:9017: gcc -c -g -O0  -o out/conftest2.o conftest.c >&5
configure:9021: $? = 0
configure:9043: result: yes
configure:9051: checking if gcc supports -c -o file.o
configure:9098: result: yes
configure:9131: checking whether the gcc linker (/usr/bin/ld -m elf_x86_64) supports shared libraries
configure:10122: result: yes
configure:10159: checking whether -lc should be explicitly linked in
configure:10164: gcc -c -g -O0  conftest.c >&5
configure:10167: $? = 0
configure:10182: gcc -shared conftest.o  -v -Wl,-soname -Wl,conftest -o conftest 2\>\&1 \| /bin/grep  -lc  \>/dev/null 2\>\&1
configure:10185: $? = 0
configure:10197: result: no
configure:10361: checking dynamic linker characteristics
configure:10794: gcc -o conftest -g -O0   -Wl,-rpath -Wl,/foo conftest.c  >&5
configure:10794: $? = 0
configure:11024: result: GNU/Linux ld.so
configure:11126: checking how to hardcode library paths into programs
configure:11151: result: immediate
configure:11671: checking whether stripping libraries is possible
configure:11676: result: yes
configure:11711: checking if libtool supports shared libraries
configure:11713: result: yes
configure:11716: checking whether to build shared libraries
configure:11737: result: yes
configure:11740: checking whether to build static libraries
configure:11744: result: yes
configure:11914: creating ./config.status

## ---------------------- ##
## Running config.status. ##
## ---------------------- ##

This file was extended by mesh config.status 0.1, which was
generated by GNU Autoconf 2.67.  Invocation command line was

  CONFIG_FILES    = 
  CONFIG_HEADERS  = 
  CONFIG_LINKS    = 
  CONFIG_COMMANDS = 
  $ ./config.status 

on debcodec

config.status:1145: creating Makefile
config.status:1145: creating src/Makefile
config.status:1145: creating po/Makefile.in
config.status:1145: creating config.h
config.status:1310: config.h is unchanged
config.status:1358: executing depfiles commands
config.status:1358: executing default-1 commands
config.status:1358: executing libtool commands
config.status:1358: executing po/stamp-it commands

## ---------------- ##
## Cache variables. ##
## ---------------- ##

ac_cv_build=x86_64-unknown-linux-gnu
ac_cv_c_compiler_gnu=yes
ac_cv_env_CC_set=
ac_cv_env_CC_value=
ac_cv_env_CFLAGS_set=set
ac_cv_env_CFLAGS_value='-g -O0'
ac_cv_env_CPPFLAGS_set=
ac_cv_env_CPPFLAGS_value=
ac_cv_env_CPP_set=
ac_cv_env_CPP_value=
ac_cv_env_LDFLAGS_set=
ac_cv_env_LDFLAGS_value=
ac_cv_env_LIBS_set=
ac_cv_env_LIBS_value=
ac_cv_env_build_alias_set=
ac_cv_env_build_alias_value=
ac_cv_env_host_alias_set=
ac_cv_env_host_alias_value=
ac_cv_env_target_alias_set=
ac_cv_env_target_alias_value=
ac_cv_func_bind_textdomain_codeset=yes
ac_cv_func_dcgettext=yes
ac_cv_header_dlfcn_h=yes
ac_cv_header_inttypes_h=yes
ac_cv_header_libintl_h=yes
ac_cv_header_locale_h=yes
ac_cv_header_memory_h=yes
ac_cv_header_stdc=yes
ac_cv_header_stdint_h=yes
ac_cv_header_stdlib_h=yes
ac_cv_header_string_h=yes
ac_cv_header_strings_h=yes
ac_cv_header_sys_stat_h=yes
ac_cv_header_sys_types_h=yes
ac_cv_header_unistd_h=yes
ac_cv_host=x86_64-unknown-linux-gnu
ac_cv_objext=o
ac_cv_path_EGREP='/bin/grep -E'
ac_cv_path_FGREP='/bin/grep -F'
ac_cv_path_GMSGFMT=/usr/bin/msgfmt
ac_cv_path_GREP=/bin/grep
ac_cv_path_INTLTOOL_EXTRACT=/usr/bin/intltool-extract
ac_cv_path_INTLTOOL_MERGE=/usr/bin/intltool-merge
ac_cv_path_INTLTOOL_PERL=/usr/bin/perl
ac_cv_path_INTLTOOL_UPDATE=/usr/bin/intltool-update
ac_cv_path_MSGFMT=/usr/bin/msgfmt
ac_cv_path_MSGMERGE=/usr/bin/msgmerge
ac_cv_path_SED=/bin/sed
ac_cv_path_XGETTEXT=/usr/bin/xgettext
ac_cv_path_install='/usr/bin/install -c'
ac_cv_path_mkdir=/bin/mkdir
ac_cv_prog_AWK=mawk
ac_cv_prog_CPP='gcc -E'
ac_cv_prog_ac_ct_AR=ar
ac_cv_prog_ac_ct_CC=gcc
ac_cv_prog_ac_ct_OBJDUMP=objdump
ac_cv_prog_ac_ct_RANLIB=ranlib
ac_cv_prog_ac_ct_STRIP=strip
ac_cv_prog_cc_c89=
ac_cv_prog_cc_g=yes
ac_cv_prog_make_make_set=yes
am_cv_CC_dependencies_compiler_type=gcc3
am_cv_val_LC_MESSAGES=yes
gt_cv_func_dgettext_libc=yes
gt_cv_func_dgettext_libintl=no
gt_cv_func_ngettext_libc=yes
gt_cv_have_gettext=yes
lt_cv_deplibs_check_method=pass_all
lt_cv_file_magic_cmd='$MAGIC_CMD'
lt_cv_file_magic_test_file=
lt_cv_ld_reload_flag=-r
lt_cv_nm_interface='BSD nm'
lt_cv_objdir=.libs
lt_cv_path_LD=/usr/bin/ld
lt_cv_path_NM='/usr/bin/nm -B'
lt_cv_prog_compiler_c_o=yes
lt_cv_prog_compiler_pic_works=yes
lt_cv_prog_compiler_rtti_exceptions=no
lt_cv_prog_compiler_static_works=yes
lt_cv_prog_gnu_ld=yes
lt_cv_sys_global_symbol_pipe='sed -n -e '\''s/^.*[	 ]\([ABCDGIRSTW][ABCDGIRSTW]*\)[	 ][	 ]*\([_A-Za-z][_A-Za-z0-9]*\)$/\1 \2 \2/p'\'''
lt_cv_sys_global_symbol_to_c_name_address='sed -n -e '\''s/^: \([^ ]*\) $/  {\"\1\", (void *) 0},/p'\'' -e '\''s/^[ABCDGIRSTW]* \([^ ]*\) \([^ ]*\)$/  {"\2", (void *) \&\2},/p'\'''
lt_cv_sys_global_symbol_to_c_name_address_lib_prefix='sed -n -e '\''s/^: \([^ ]*\) $/  {\"\1\", (void *) 0},/p'\'' -e '\''s/^[ABCDGIRSTW]* \([^ ]*\) \(lib[^ ]*\)$/  {"\2", (void *) \&\2},/p'\'' -e '\''s/^[ABCDGIRSTW]* \([^ ]*\) \([^ ]*\)$/  {"lib\2", (void *) \&\2},/p'\'''
lt_cv_sys_global_symbol_to_cdecl='sed -n -e '\''s/^T .* \(.*\)$/extern int \1();/p'\'' -e '\''s/^[ABCDGIRSTW]* .* \(.*\)$/extern char \1;/p'\'''
lt_cv_sys_max_cmd_len=1572864

## ----------------- ##
## Output variables. ##
## ----------------- ##

ACLOCAL='${SHELL} /home/rm/code/seminar_c/mesh/missing --run aclocal-1.11'
ALL_LINGUAS=''
AMDEPBACKSLASH='\'
AMDEP_FALSE='#'
AMDEP_TRUE=''
AMTAR='${SHELL} /home/rm/code/seminar_c/mesh/missing --run tar'
AM_BACKSLASH='\'
AM_DEFAULT_VERBOSITY='0'
AR='ar'
AUTOCONF='${SHELL} /home/rm/code/seminar_c/mesh/missing --run autoconf'
AUTOHEADER='${SHELL} /home/rm/code/seminar_c/mesh/missing --run autoheader'
AUTOMAKE='${SHELL} /home/rm/code/seminar_c/mesh/missing --run automake-1.11'
AWK='mawk'
CATALOGS=''
CATOBJEXT='.gmo'
CC='gcc'
CCDEPMODE='depmode=gcc3'
CFLAGS='-g -O0'
CPP='gcc -E'
CPPFLAGS=''
CYGPATH_W='echo'
DATADIRNAME='share'
DEFS='-DHAVE_CONFIG_H'
DEPDIR='.deps'
DSYMUTIL=''
DUMPBIN=''
ECHO_C=''
ECHO_N='-n'
ECHO_T=''
EGREP='/bin/grep -E'
EXEEXT=''
FGREP='/bin/grep -F'
GETTEXT_PACKAGE='mesh'
GMOFILES=''
GMSGFMT='/usr/bin/msgfmt'
GREP='/bin/grep'
INSTALL_DATA='${INSTALL} -m 644'
INSTALL_PROGRAM='${INSTALL}'
INSTALL_SCRIPT='${INSTALL}'
INSTALL_STRIP_PROGRAM='$(install_sh) -c -s'
INSTOBJEXT='.mo'
INTLLIBS=''
INTLTOOL_CAVES_RULE='%.caves:     %.caves.in     $(INTLTOOL_MERGE) $(wildcard $(top_srcdir)/po/*.po) ; LC_ALL=C $(INTLTOOL_MERGE) -d -u -c $(top_builddir)/po/.intltool-merge-cache $(top_srcdir)/po $< $@'
INTLTOOL_DESKTOP_RULE='%.desktop:   %.desktop.in   $(INTLTOOL_MERGE) $(wildcard $(top_srcdir)/po/*.po) ; LC_ALL=C $(INTLTOOL_MERGE) -d -u -c $(top_builddir)/po/.intltool-merge-cache $(top_srcdir)/po $< $@'
INTLTOOL_DIRECTORY_RULE='%.directory: %.directory.in $(INTLTOOL_MERGE) $(wildcard $(top_srcdir)/po/*.po) ; LC_ALL=C $(INTLTOOL_MERGE) -d -u -c $(top_builddir)/po/.intltool-merge-cache $(top_srcdir)/po $< $@'
INTLTOOL_EXTRACT='/usr/bin/intltool-extract'
INTLTOOL_KBD_RULE='%.kbd:       %.kbd.in       $(INTLTOOL_MERGE) $(wildcard $(top_srcdir)/po/*.po) ; LC_ALL=C $(INTLTOOL_MERGE) -x -u -m -c $(top_builddir)/po/.intltool-merge-cache $(top_srcdir)/po $< $@'
INTLTOOL_KEYS_RULE='%.keys:      %.keys.in      $(INTLTOOL_MERGE) $(wildcard $(top_srcdir)/po/*.po) ; LC_ALL=C $(INTLTOOL_MERGE) -k -u -c $(top_builddir)/po/.intltool-merge-cache $(top_srcdir)/po $< $@'
INTLTOOL_MERGE='/usr/bin/intltool-merge'
INTLTOOL_OAF_RULE='%.oaf:       %.oaf.in       $(INTLTOOL_MERGE) $(wildcard $(top_srcdir)/po/*.po) ; LC_ALL=C $(INTLTOOL_MERGE) -o -p $(top_srcdir)/po $< $@'
INTLTOOL_PERL='/usr/bin/perl'
INTLTOOL_POLICY_RULE='%.policy:    %.policy.in    $(INTLTOOL_MERGE) $(wildcard $(top_srcdir)/po/*.po) ; LC_ALL=C $(INTLTOOL_MERGE) -x -u -c $(top_builddir)/po/.intltool-merge-cache $(top_srcdir)/po $< $@'
INTLTOOL_PONG_RULE='%.pong:      %.pong.in      $(INTLTOOL_MERGE) $(wildcard $(top_srcdir)/po/*.po) ; LC_ALL=C $(INTLTOOL_MERGE) -x -u -c $(top_builddir)/po/.intltool-merge-cache $(top_srcdir)/po $< $@'
INTLTOOL_PROP_RULE='%.prop:      %.prop.in      $(INTLTOOL_MERGE) $(wildcard $(top_srcdir)/po/*.po) ; LC_ALL=C $(INTLTOOL_MERGE) -d -u -c $(top_builddir)/po/.intltool-merge-cache $(top_srcdir)/po $< $@'
INTLTOOL_SCHEMAS_RULE='%.schemas:   %.schemas.in   $(INTLTOOL_MERGE) $(wildcard $(top_srcdir)/po/*.po) ; LC_ALL=C $(INTLTOOL_MERGE) -s -u -c $(top_builddir)/po/.intltool-merge-cache $(top_srcdir)/po $< $@'
INTLTOOL_SERVER_RULE='%.server:    %.server.in    $(INTLTOOL_MERGE) $(wildcard $(top_srcdir)/po/*.po) ; LC_ALL=C $(INTLTOOL_MERGE) -o -u -c $(top_builddir)/po/.intltool-merge-cache $(top_srcdir)/po $< $@'
INTLTOOL_SERVICE_RULE='%.service: %.service.in   $(INTLTOOL_MERGE) $(wildcard $(top_srcdir)/po/*.po) ; LC_ALL=C $(INTLTOOL_MERGE) -d -u -c $(top_builddir)/po/.intltool-merge-cache $(top_srcdir)/po $< $@'
INTLTOOL_SHEET_RULE='%.sheet:     %.sheet.in     $(INTLTOOL_MERGE) $(wildcard $(top_srcdir)/po/*.po) ; LC_ALL=C $(INTLTOOL_MERGE) -x -u -c $(top_builddir)/po/.intltool-merge-cache $(top_srcdir)/po $< $@'
INTLTOOL_SOUNDLIST_RULE='%.soundlist: %.soundlist.in $(INTLTOOL_MERGE) $(wildcard $(top_srcdir)/po/*.po) ; LC_ALL=C $(INTLTOOL_MERGE) -d -u -c $(top_builddir)/po/.intltool-merge-cache $(top_srcdir)/po $< $@'
INTLTOOL_THEME_RULE='%.theme:     %.theme.in     $(INTLTOOL_MERGE) $(wildcard $(top_srcdir)/po/*.po) ; LC_ALL=C $(INTLTOOL_MERGE) -d -u -c $(top_builddir)/po/.intltool-merge-cache $(top_srcdir)/po $< $@'
INTLTOOL_UI_RULE='%.ui:        %.ui.in        $(INTLTOOL_MERGE) $(wildcard $(top_srcdir)/po/*.po) ; LC_ALL=C $(INTLTOOL_MERGE) -x -u -c $(top_builddir)/po/.intltool-merge-cache $(top_srcdir)/po $< $@'
INTLTOOL_UPDATE='/usr/bin/intltool-update'
INTLTOOL_XAM_RULE='%.xam:       %.xml.in       $(INTLTOOL_MERGE) $(wildcard $(top_srcdir)/po/*.po) ; LC_ALL=C $(INTLTOOL_MERGE) -x -u -c $(top_builddir)/po/.intltool-merge-cache $(top_srcdir)/po $< $@'
INTLTOOL_XML_NOMERGE_RULE='%.xml:       %.xml.in       $(INTLTOOL_MERGE) ; LC_ALL=C $(INTLTOOL_MERGE) -x -u /tmp $< $@'
INTLTOOL_XML_RULE='%.xml:       %.xml.in       $(INTLTOOL_MERGE) $(wildcard $(top_srcdir)/po/*.po) ; LC_ALL=C $(INTLTOOL_MERGE) -x -u -c $(top_builddir)/po/.intltool-merge-cache $(top_srcdir)/po $< $@'
LD='/usr/bin/ld -m elf_x86_64'
LDFLAGS=''
LIBOBJS=''
LIBS=''
LIBTOOL='$(SHELL) $(top_builddir)/libtool'
LIPO=''
LN_S='ln -s'
LTLIBOBJS=''
MAINT=''
MAINTAINER_MODE_FALSE='#'
MAINTAINER_MODE_TRUE=''
MAKEINFO='${SHELL} /home/rm/code/seminar_c/mesh/missing --run makeinfo'
MKDIR_P='/bin/mkdir -p'
MKINSTALLDIRS='/home/rm/code/seminar_c/mesh/mkinstalldirs'
MSGFMT='/usr/bin/msgfmt'
MSGFMT_OPTS='-c'
MSGMERGE='/usr/bin/msgmerge'
NM='/usr/bin/nm -B'
NMEDIT=''
OBJDUMP='objdump'
OBJEXT='o'
OTOOL64=''
OTOOL=''
PACKAGE='mesh'
PACKAGE_BUGREPORT=''
PACKAGE_NAME='mesh'
PACKAGE_STRING='mesh 0.1'
PACKAGE_TARNAME='mesh'
PACKAGE_URL=''
PACKAGE_VERSION='0.1'
PATH_SEPARATOR=':'
POFILES=''
POSUB='po'
PO_IN_DATADIR_FALSE=''
PO_IN_DATADIR_TRUE=''
RANLIB='ranlib'
SED='/bin/sed'
SET_MAKE=''
SHELL='/bin/bash'
STRIP='strip'
USE_NLS='yes'
VERSION='0.1'
XGETTEXT='/usr/bin/xgettext'
ac_ct_CC='gcc'
ac_ct_DUMPBIN=''
am__EXEEXT_FALSE=''
am__EXEEXT_TRUE='#'
am__fastdepCC_FALSE='#'
am__fastdepCC_TRUE=''
am__include='include'
am__isrc=' -I$(srcdir)'
am__leading_dot='.'
am__quote=''
am__tar='${AMTAR} chof - "$$tardir"'
am__untar='${AMTAR} xf -'
bindir='${exec_prefix}/bin'
build='x86_64-unknown-linux-gnu'
build_alias=''
build_cpu='x86_64'
build_os='linux-gnu'
build_vendor='unknown'
datadir='${datarootdir}'
datarootdir='${prefix}/share'
docdir='${datarootdir}/doc/${PACKAGE_TARNAME}'
dvidir='${docdir}'
exec_prefix='${prefix}'
host='x86_64-unknown-linux-gnu'
host_alias=''
host_cpu='x86_64'
host_os='linux-gnu'
host_vendor='unknown'
htmldir='${docdir}'
includedir='${prefix}/include'
infodir='${datarootdir}/info'
install_sh='${SHELL} /home/rm/code/seminar_c/mesh/install-sh'
libdir='${exec_prefix}/lib'
libexecdir='${exec_prefix}/libexec'
localedir='${datarootdir}/locale'
localstatedir='${prefix}/var'
lt_ECHO='echo'
mandir='${datarootdir}/man'
mkdir_p='/bin/mkdir -p'
oldincludedir='/usr/include'
pdfdir='${docdir}'
prefix='/usr/local'
program_transform_name='s,x,x,'
psdir='${docdir}'
sbindir='${exec_prefix}/sbin'
sharedstatedir='${prefix}/com'
sysconfdir='${prefix}/etc'
target_alias=''
tcp_port='4536'

## ----------- ##
## confdefs.h. ##
## ----------- ##

/* confdefs.h */
#define PACKAGE_NAME "mesh"
#define PACKAGE_TARNAME "mesh"
#define PACKAGE_VERSION "0.1"
#define PACKAGE_STRING "mesh 0.1"
#define PACKAGE_BUGREPORT ""
#define PACKAGE_URL ""
#define PACKAGE "mesh"
#define VERSION "0.1"
#define GETTEXT_PACKAGE "mesh"
#define STDC_HEADERS 1
#define HAVE_SYS_TYPES_H 1
#define HAVE_SYS_STAT_H 1
#define HAVE_STDLIB_H 1
#define HAVE_STRING_H 1
#define HAVE_MEMORY_H 1
#define HAVE_STRINGS_H 1
#define HAVE_INTTYPES_H 1
#define HAVE_STDINT_H 1
#define HAVE_UNISTD_H 1
#define HAVE_LOCALE_H 1
#define HAVE_LC_MESSAGES 1
#define HAVE_BIND_TEXTDOMAIN_CODESET 1
#define HAVE_GETTEXT 1
#define HAVE_DCGETTEXT 1
#define ENABLE_NLS 1
#define HAVE_DLFCN_H 1
#define LT_OBJDIR ".libs/"

configure: exit 0
