This file contains any messages produced by compilers while
running configure, to aid debugging if configure makes a mistake.

It was created by mesh configure 0.1, which was
generated by GNU Autoconf 2.67.  Invocation command line was

  $ /home/rm/code/seminar_c/mesh/configure --enable-maintainer-mode --enable-maintainer-mode

## --------- ##
## Platform. ##
## --------- ##

hostname = debcodec
uname -m = x86_64
uname -r = 2.6.32-5-amd64
uname -s = Linux
uname -v = #1 SMP Mon Feb 25 00:26:11 UTC 2013

/usr/bin/uname -p = unknown
/bin/uname -X     = unknown

/bin/arch              = unknown
/usr/bin/arch -k       = unknown
/usr/convex/getsysinfo = unknown
/usr/bin/hostinfo      = unknown
/bin/machine           = unknown
/usr/bin/oslevel       = unknown
/bin/universe          = unknown

PATH: /usr/local/bin
PATH: /usr/bin
PATH: /bin
PATH: /usr/local/games
PATH: /usr/games


## ----------- ##
## Core tests. ##
## ----------- ##

configure:2408: checking for a BSD-compatible install
configure:2476: result: /usr/bin/install -c
configure:2487: checking whether build environment is sane
configure:2537: result: yes
configure:2678: checking for a thread-safe mkdir -p
configure:2717: result: /bin/mkdir -p
configure:2730: checking for gawk
configure:2760: result: no
configure:2730: checking for mawk
configure:2746: found /usr/bin/mawk
configure:2757: result: mawk
configure:2768: checking whether make sets $(MAKE)
configure:2790: result: yes
configure:2873: checking whether to enable maintainer-specific portions of Makefiles
configure:2882: result: yes
configure:2944: checking for gcc
configure:2960: found /usr/bin/gcc
configure:2971: result: gcc
configure:3200: checking for C compiler version
configure:3209: gcc --version >&5
gcc (Debian 4.4.5-8) 4.4.5
Copyright (C) 2010 Free Software Foundation, Inc.
This is free software; see the source for copying conditions.  There is NO
warranty; not even for MERCHANTABILITY or FITNESS FOR A PARTICULAR PURPOSE.

configure:3220: $? = 0
configure:3209: gcc -v >&5
Using built-in specs.
Target: x86_64-linux-gnu
Configured with: ../src/configure -v --with-pkgversion='Debian 4.4.5-8' --with-bugurl=file:///usr/share/doc/gcc-4.4/README.Bugs --enable-languages=c,c++,fortran,objc,obj-c++ --prefix=/usr --program-suffix=-4.4 --enable-shared --enable-multiarch --enable-linker-build-id --with-system-zlib --libexecdir=/usr/lib --without-included-gettext --enable-threads=posix --with-gxx-include-dir=/usr/include/c++/4.4 --libdir=/usr/lib --enable-nls --enable-clocale=gnu --enable-libstdcxx-debug --enable-objc-gc --with-arch-32=i586 --with-tune=generic --enable-checking=release --build=x86_64-linux-gnu --host=x86_64-linux-gnu --target=x86_64-linux-gnu
Thread model: posix
gcc version 4.4.5 (Debian 4.4.5-8) 
configure:3220: $? = 0
configure:3209: gcc -V >&5
gcc: '-V' option must have argument
configure:3220: $? = 1
configure:3209: gcc -qversion >&5
gcc: unrecognized option '-qversion'
gcc: no input files
configure:3220: $? = 1
configure:3240: checking whether the C compiler works
configure:3262: gcc    conftest.c  >&5
configure:3266: $? = 0
configure:3314: result: yes
configure:3317: checking for C compiler default output file name
configure:3319: result: a.out
configure:3325: checking for suffix of executables
configure:3332: gcc -o conftest    conftest.c  >&5
configure:3336: $? = 0
configure:3358: result: 
configure:3380: checking whether we are cross compiling
configure:3388: gcc -o conftest    conftest.c  >&5
configure:3392: $? = 0
configure:3399: ./conftest
configure:3403: $? = 0
configure:3418: result: no
configure:3423: checking for suffix of object files
configure:3445: gcc -c   conftest.c >&5
configure:3449: $? = 0
configure:3470: result: o
configure:3474: checking whether we are using the GNU C compiler
configure:3493: gcc -c   conftest.c >&5
configure:3493: $? = 0
configure:3502: result: yes
configure:3511: checking whether gcc accepts -g
configure:3531: gcc -c -g  conftest.c >&5
configure:3531: $? = 0
configure:3572: result: yes
configure:3589: checking for gcc option to accept ISO C89
configure:3653: gcc  -c -g -O2  conftest.c >&5
configure:3653: $? = 0
configure:3666: result: none needed
configure:3697: checking for style of include used by make
configure:3725: result: GNU
configure:3750: checking dependency style of gcc
configure:3860: result: gcc3
configure:3892: checking how to run the C preprocessor
configure:3923: gcc -E  conftest.c
configure:3923: $? = 0
configure:3937: gcc -E  conftest.c
conftest.c:12:28: error: ac_nonexistent.h: No such file or directory
configure:3937: $? = 1
configure: failed program was:
| /* confdefs.h */
| #define PACKAGE_NAME "mesh"
| #define PACKAGE_TARNAME "mesh"
| #define PACKAGE_VERSION "0.1"
| #define PACKAGE_STRING "mesh 0.1"
| #define PACKAGE_BUGREPORT ""
| #define PACKAGE_URL ""
| #define PACKAGE "mesh"
| #define VERSION "0.1"
| #define GETTEXT_PACKAGE "mesh"
| /* end confdefs.h.  */
| #include <ac_nonexistent.h>
configure:3962: result: gcc -E
configure:3982: gcc -E  conftest.c
configure:3982: $? = 0
configure:3996: gcc -E  conftest.c
conftest.c:12:28: error: ac_nonexistent.h: No such file or directory
configure:3996: $? = 1
configure: failed program was:
| /* confdefs.h */
| #define PACKAGE_NAME "mesh"
| #define PACKAGE_TARNAME "mesh"
| #define PACKAGE_VERSION "0.1"
| #define PACKAGE_STRING "mesh 0.1"
| #define PACKAGE_BUGREPORT ""
| #define PACKAGE_URL ""
| #define PACKAGE "mesh"
| #define VERSION "0.1"
| #define GETTEXT_PACKAGE "mesh"
| /* end confdefs.h.  */
| #include <ac_nonexistent.h>
configure:4025: checking for grep that handles long lines and -e
configure:4083: result: /bin/grep
configure:4088: checking for egrep
configure:4150: result: /bin/grep -E
configure:4155: checking for ANSI C header files
configure:4175: gcc -c -g -O2  conftest.c >&5
configure:4175: $? = 0
configure:4248: gcc -o conftest -g -O2   conftest.c  >&5
configure:4248: $? = 0
configure:4248: ./conftest
configure:4248: $? = 0
configure:4259: result: yes
configure:4272: checking for sys/types.h
configure:4272: gcc -c -g -O2  conftest.c >&5
configure:4272: $? = 0
configure:4272: result: yes
configure:4272: checking for sys/stat.h
configure:4272: gcc -c -g -O2  conftest.c >&5
configure:4272: $? = 0
configure:4272: result: yes
configure:4272: checking for stdlib.h
configure:4272: gcc -c -g -O2  conftest.c >&5
configure:4272: $? = 0
configure:4272: result: yes
configure:4272: checking for string.h
configure:4272: gcc -c -g -O2  conftest.c >&5
configure:4272: $? = 0
configure:4272: result: yes
configure:4272: checking for memory.h
configure:4272: gcc -c -g -O2  conftest.c >&5
configure:4272: $? = 0
configure:4272: result: yes
configure:4272: checking for strings.h
configure:4272: gcc -c -g -O2  conftest.c >&5
configure:4272: $? = 0
configure:4272: result: yes
configure:4272: checking for inttypes.h
configure:4272: gcc -c -g -O2  conftest.c >&5
configure:4272: $? = 0
configure:4272: result: yes
configure:4272: checking for stdint.h
configure:4272: gcc -c -g -O2  conftest.c >&5
configure:4272: $? = 0
configure:4272: result: yes
configure:4272: checking for unistd.h
configure:4272: gcc -c -g -O2  conftest.c >&5
configure:4272: $? = 0
configure:4272: result: yes
configure:4287: checking locale.h usability
configure:4287: gcc -c -g -O2  conftest.c >&5
configure:4287: $? = 0
configure:4287: result: yes
configure:4287: checking locale.h presence
configure:4287: gcc -E  conftest.c
configure:4287: $? = 0
configure:4287: result: yes
configure:4287: checking for locale.h
configure:4287: result: yes
configure:4298: checking for LC_MESSAGES
configure:4314: gcc -o conftest -g -O2   conftest.c  >&5
configure:4314: $? = 0
configure:4322: result: yes
configure:4339: checking libintl.h usability
configure:4339: gcc -c -g -O2  conftest.c >&5
configure:4339: $? = 0
configure:4339: result: yes
configure:4339: checking libintl.h presence
configure:4339: gcc -E  conftest.c
configure:4339: $? = 0
configure:4339: result: yes
configure:4339: checking for libintl.h
configure:4339: result: yes
configure:4347: checking for ngettext in libc
configure:4365: gcc -o conftest -g -O2   conftest.c  >&5
configure:4365: $? = 0
configure:4374: result: yes
configure:4378: checking for dgettext in libc
configure:4396: gcc -o conftest -g -O2   conftest.c  >&5
configure:4396: $? = 0
configure:4405: result: yes
configure:4412: checking for bind_textdomain_codeset
configure:4412: gcc -o conftest -g -O2   conftest.c  >&5
configure:4412: $? = 0
configure:4412: result: yes
configure:4688: checking for msgfmt
configure:4715: result: /usr/bin/msgfmt
configure:4726: checking for dcgettext
configure:4726: gcc -o conftest -g -O2   conftest.c   >&5
conftest.c:49: warning: conflicting types for built-in function 'dcgettext'
configure:4726: $? = 0
configure:4726: result: yes
configure:4736: checking if msgfmt accepts -c
configure:4751: $MSGFMT -c -o /dev/null conftest.foo
configure:4754: $? = 0
configure:4756: result: yes
configure:4766: checking for gmsgfmt
configure:4797: result: /usr/bin/msgfmt
configure:4807: checking for xgettext
configure:4834: result: /usr/bin/xgettext
configure:4853: gcc -o conftest -g -O2   conftest.c   >&5
configure:4853: $? = 0
configure:4989: checking whether NLS is requested
configure:4998: result: yes
configure:5013: checking for intltool >= 0.35.0
configure:5020: result: 0.41.1 found
configure:5028: checking for intltool-update
configure:5046: found /usr/bin/intltool-update
configure:5058: result: /usr/bin/intltool-update
configure:5068: checking for intltool-merge
configure:5086: found /usr/bin/intltool-merge
configure:5098: result: /usr/bin/intltool-merge
configure:5108: checking for intltool-extract
configure:5126: found /usr/bin/intltool-extract
configure:5138: result: /usr/bin/intltool-extract
configure:5269: checking for xgettext
configure:5299: result: /usr/bin/xgettext
configure:5309: checking for msgmerge
configure:5327: found /usr/bin/msgmerge
configure:5339: result: /usr/bin/msgmerge
configure:5349: checking for msgfmt
configure:5379: result: /usr/bin/msgfmt
configure:5389: checking for gmsgfmt
configure:5420: result: /usr/bin/msgfmt
configure:5440: checking for perl
configure:5458: found /usr/bin/perl
configure:5470: result: /usr/bin/perl
configure:5481: checking for perl >= 5.8.1
configure:5488: result: 5.10.1
configure:5492: checking for XML::Parser
configure:5495: result: ok
configure:5578: checking build system type
configure:5592: result: x86_64-unknown-linux-gnu
configure:5612: checking host system type
configure:5625: result: x86_64-unknown-linux-gnu
configure:5645: checking for a sed that does not truncate output
configure:5709: result: /bin/sed
configure:5727: checking for fgrep
configure:5789: result: /bin/grep -F
configure:5824: checking for ld used by gcc
configure:5891: result: /usr/bin/ld
configure:5898: checking if the linker (/usr/bin/ld) is GNU ld
configure:5913: result: yes
configure:5925: checking for BSD- or MS-compatible name lister (nm)
configure:5974: result: /usr/bin/nm -B
configure:6092: checking the name lister (/usr/bin/nm -B) interface
configure:6099: gcc -c -g -O2  conftest.c >&5
configure:6102: /usr/bin/nm -B "conftest.o"
configure:6105: output
0000000000000000 B some_variable
configure:6112: result: BSD nm
configure:6115: checking whether ln -s works
configure:6119: result: yes
configure:6127: checking the maximum length of command line arguments
configure:6247: result: 1572864
configure:6264: checking whether the shell understands some XSI constructs
configure:6274: result: yes
configure:6278: checking whether the shell understands "+="
configure:6284: result: yes
configure:6319: checking for /usr/bin/ld option to reload object files
configure:6326: result: -r
configure:6395: checking for objdump
configure:6411: found /usr/bin/objdump
configure:6422: result: objdump
configure:6454: checking how to recognize dependent libraries
configure:6650: result: pass_all
configure:6710: checking for ar
configure:6726: found /usr/bin/ar
configure:6737: result: ar
configure:6815: checking for strip
configure:6831: found /usr/bin/strip
configure:6842: result: strip
configure:6914: checking for ranlib
configure:6930: found /usr/bin/ranlib
configure:6941: result: ranlib
configure:7031: checking command to parse /usr/bin/nm -B output from gcc object
configure:7149: gcc -c -g -O2  conftest.c >&5
configure:7152: $? = 0
configure:7156: /usr/bin/nm -B conftest.o \| sed -n -e 's/^.*[	 ]\([ABCDGIRSTW][ABCDGIRSTW]*\)[	 ][	 ]*\([_A-Za-z][_A-Za-z0-9]*\)$/\1 \2 \2/p' \> conftest.nm
configure:7159: $? = 0
configure:7213: gcc -o conftest -g -O2   conftest.c conftstm.o >&5
configure:7216: $? = 0
configure:7254: result: ok
configure:7349: gcc -c -g -O2  conftest.c >&5
configure:7352: $? = 0
configure:8059: checking for dlfcn.h
configure:8059: gcc -c -g -O2  conftest.c >&5
configure:8059: $? = 0
configure:8059: result: yes
configure:8243: checking for objdir
configure:8258: result: .libs
configure:8550: checking if gcc supports -fno-rtti -fno-exceptions
configure:8568: gcc -c -g -O2  -fno-rtti -fno-exceptions conftest.c >&5
cc1: warning: command line option "-fno-rtti" is valid for C++/ObjC++ but not for C
configure:8572: $? = 0
configure:8585: result: no
configure:8605: checking for gcc option to produce PIC
configure:8877: result: -fPIC -DPIC
configure:8889: checking if gcc PIC flag -fPIC -DPIC works
configure:8907: gcc -c -g -O2  -fPIC -DPIC -DPIC conftest.c >&5
configure:8911: $? = 0
configure:8924: result: yes
configure:8948: checking if gcc static flag -static works
configure:8976: result: yes
configure:8991: checking if gcc supports -c -o file.o
configure:9012: gcc -c -g -O2  -o out/conftest2.o conftest.c >&5
configure:9016: $? = 0
configure:9038: result: yes
configure:9046: checking if gcc supports -c -o file.o
configure:9093: result: yes
configure:9126: checking whether the gcc linker (/usr/bin/ld -m elf_x86_64) supports shared libraries
configure:10117: result: yes
configure:10154: checking whether -lc should be explicitly linked in
configure:10159: gcc -c -g -O2  conftest.c >&5
configure:10162: $? = 0
configure:10177: gcc -shared conftest.o  -v -Wl,-soname -Wl,conftest -o conftest 2\>\&1 \| /bin/grep  -lc  \>/dev/null 2\>\&1
configure:10180: $? = 0
configure:10192: result: no
configure:10356: checking dynamic linker characteristics
configure:10789: gcc -o conftest -g -O2   -Wl,-rpath -Wl,/foo conftest.c  >&5
configure:10789: $? = 0
configure:11019: result: GNU/Linux ld.so
configure:11121: checking how to hardcode library paths into programs
configure:11146: result: immediate
configure:11666: checking whether stripping libraries is possible
configure:11671: result: yes
configure:11706: checking if libtool supports shared libraries
configure:11708: result: yes
configure:11711: checking whether to build shared libraries
configure:11732: result: yes
configure:11735: checking whether to build static libraries
configure:11739: result: yes
configure:11909: creating ./config.status

## ---------------------- ##
## Running config.status. ##
## ---------------------- ##

This file was extended by mesh config.status 0.1, which was
generated by GNU Autoconf 2.67.  Invocation command line was

  CONFIG_FILES    = 
  CONFIG_HEADERS  = 
  CONFIG_LINKS    = 
  CONFIG_COMMANDS = 
  $ ./config.status 

on debcodec

config.status:1144: creating Makefile
config.status:1144: creating src/Makefile
config.status:1144: creating po/Makefile.in
config.status:1144: creating config.h
config.status:1372: executing depfiles commands
config.status:1372: executing default-1 commands
config.status:1372: executing libtool commands
config.status:1372: executing po/stamp-it commands

## ---------------- ##
## Cache variables. ##
## ---------------- ##

ac_cv_build=x86_64-unknown-linux-gnu
ac_cv_c_compiler_gnu=yes
ac_cv_env_CC_set=
ac_cv_env_CC_value=
ac_cv_env_CFLAGS_set=
ac_cv_env_CFLAGS_value=
ac_cv_env_CPPFLAGS_set=
ac_cv_env_CPPFLAGS_value=
ac_cv_env_CPP_set=
ac_cv_env_CPP_value=
ac_cv_env_LDFLAGS_set=
ac_cv_env_LDFLAGS_value=
ac_cv_env_LIBS_set=
ac_cv_env_LIBS_value=
ac_cv_env_build_alias_set=
ac_cv_env_build_alias_value=
ac_cv_env_host_alias_set=
ac_cv_env_host_alias_value=
ac_cv_env_target_alias_set=
ac_cv_env_target_alias_value=
ac_cv_func_bind_textdomain_codeset=yes
ac_cv_func_dcgettext=yes
ac_cv_header_dlfcn_h=yes
ac_cv_header_inttypes_h=yes
ac_cv_header_libintl_h=yes
ac_cv_header_locale_h=yes
ac_cv_header_memory_h=yes
ac_cv_header_stdc=yes
ac_cv_header_stdint_h=yes
ac_cv_header_stdlib_h=yes
ac_cv_header_string_h=yes
ac_cv_header_strings_h=yes
ac_cv_header_sys_stat_h=yes
ac_cv_header_sys_types_h=yes
ac_cv_header_unistd_h=yes
ac_cv_host=x86_64-unknown-linux-gnu
ac_cv_objext=o
ac_cv_path_EGREP='/bin/grep -E'
ac_cv_path_FGREP='/bin/grep -F'
ac_cv_path_GMSGFMT=/usr/bin/msgfmt
ac_cv_path_GREP=/bin/grep
ac_cv_path_INTLTOOL_EXTRACT=/usr/bin/intltool-extract
ac_cv_path_INTLTOOL_MERGE=/usr/bin/intltool-merge
ac_cv_path_INTLTOOL_PERL=/usr/bin/perl
ac_cv_path_INTLTOOL_UPDATE=/usr/bin/intltool-update
ac_cv_path_MSGFMT=/usr/bin/msgfmt
ac_cv_path_MSGMERGE=/usr/bin/msgmerge
ac_cv_path_SED=/bin/sed
ac_cv_path_XGETTEXT=/usr/bin/xgettext
ac_cv_path_install='/usr/bin/install -c'
ac_cv_path_mkdir=/bin/mkdir
ac_cv_prog_AWK=mawk
ac_cv_prog_CPP='gcc -E'
ac_cv_prog_ac_ct_AR=ar
ac_cv_prog_ac_ct_CC=gcc
ac_cv_prog_ac_ct_OBJDUMP=objdump
ac_cv_prog_ac_ct_RANLIB=ranlib
ac_cv_prog_ac_ct_STRIP=strip
ac_cv_prog_cc_c89=
ac_cv_prog_cc_g=yes
ac_cv_prog_make_make_set=yes
am_cv_CC_dependencies_compiler_type=gcc3
am_cv_val_LC_MESSAGES=yes
gt_cv_func_dgettext_libc=yes
gt_cv_func_dgettext_libintl=no
gt_cv_func_ngettext_libc=yes
gt_cv_have_gettext=yes
lt_cv_deplibs_check_method=pass_all
lt_cv_file_magic_cmd='$MAGIC_CMD'
lt_cv_file_magic_test_file=
lt_cv_ld_reload_flag=-r
lt_cv_nm_interface='BSD nm'
lt_cv_objdir=.libs
lt_cv_path_LD=/usr/bin/ld
lt_cv_path_NM='/usr/bin/nm -B'
lt_cv_prog_compiler_c_o=yes
lt_cv_prog_compiler_pic_works=yes
lt_cv_prog_compiler_rtti_exceptions=no
lt_cv_prog_compiler_static_works=yes
lt_cv_prog_gnu_ld=yes
lt_cv_sys_global_symbol_pipe='sed -n -e '\''s/^.*[	 ]\([ABCDGIRSTW][ABCDGIRSTW]*\)[	 ][	 ]*\([_A-Za-z][_A-Za-z0-9]*\)$/\1 \2 \2/p'\'''
lt_cv_sys_global_symbol_to_c_name_address='sed -n -e '\''s/^: \([^ ]*\) $/  {\"\1\", (void *) 0},/p'\'' -e '\''s/^[ABCDGIRSTW]* \([^ ]*\) \([^ ]*\)$/  {"\2", (void *) \&\2},/p'\'''
lt_cv_sys_global_symbol_to_c_name_address_lib_prefix='sed -n -e '\''s/^: \([^ ]*\) $/  {\"\1\", (void *) 0},/p'\'' -e '\''s/^[ABCDGIRSTW]* \([^ ]*\) \(lib[^ ]*\)$/  {"\2", (void *) \&\2},/p'\'' -e '\''s/^[ABCDGIRSTW]* \([^ ]*\) \([^ ]*\)$/  {"lib\2", (void *) \&\2},/p'\'''
lt_cv_sys_global_symbol_to_cdecl='sed -n -e '\''s/^T .* \(.*\)$/extern int \1();/p'\'' -e '\''s/^[ABCDGIRSTW]* .* \(.*\)$/extern char \1;/p'\'''
lt_cv_sys_max_cmd_len=1572864

## ----------------- ##
## Output variables. ##
## ----------------- ##

ACLOCAL='${SHELL} /home/rm/code/seminar_c/mesh/missing --run aclocal-1.11'
ALL_LINGUAS=''
AMDEPBACKSLASH='\'
AMDEP_FALSE='#'
AMDEP_TRUE=''
AMTAR='${SHELL} /home/rm/code/seminar_c/mesh/missing --run tar'
AM_BACKSLASH='\'
AM_DEFAULT_VERBOSITY='0'
AR='ar'
AUTOCONF='${SHELL} /home/rm/code/seminar_c/mesh/missing --run autoconf'
AUTOHEADER='${SHELL} /home/rm/code/seminar_c/mesh/missing --run autoheader'
AUTOMAKE='${SHELL} /home/rm/code/seminar_c/mesh/missing --run automake-1.11'
AWK='mawk'
CATALOGS=''
CATOBJEXT='.gmo'
CC='gcc'
CCDEPMODE='depmode=gcc3'
CFLAGS='-g -O2'
CPP='gcc -E'
CPPFLAGS=''
CYGPATH_W='echo'
DATADIRNAME='share'
DEFS='-DHAVE_CONFIG_H'
DEPDIR='.deps'
DSYMUTIL=''
DUMPBIN=''
ECHO_C=''
ECHO_N='-n'
ECHO_T=''
EGREP='/bin/grep -E'
EXEEXT=''
FGREP='/bin/grep -F'
GETTEXT_PACKAGE='mesh'
GMOFILES=''
GMSGFMT='/usr/bin/msgfmt'
GREP='/bin/grep'
INSTALL_DATA='${INSTALL} -m 644'
INSTALL_PROGRAM='${INSTALL}'
INSTALL_SCRIPT='${INSTALL}'
INSTALL_STRIP_PROGRAM='$(install_sh) -c -s'
INSTOBJEXT='.mo'
INTLLIBS=''
INTLTOOL_CAVES_RULE='%.caves:     %.caves.in     $(INTLTOOL_MERGE) $(wildcard $(top_srcdir)/po/*.po) ; LC_ALL=C $(INTLTOOL_MERGE) -d -u -c $(top_builddir)/po/.intltool-merge-cache $(top_srcdir)/po $< $@'
INTLTOOL_DESKTOP_RULE='%.desktop:   %.desktop.in   $(INTLTOOL_MERGE) $(wildcard $(top_srcdir)/po/*.po) ; LC_ALL=C $(INTLTOOL_MERGE) -d -u -c $(top_builddir)/po/.intltool-merge-cache $(top_srcdir)/po $< $@'
INTLTOOL_DIRECTORY_RULE='%.directory: %.directory.in $(INTLTOOL_MERGE) $(wildcard $(top_srcdir)/po/*.po) ; LC_ALL=C $(INTLTOOL_MERGE) -d -u -c $(top_builddir)/po/.intltool-merge-cache $(top_srcdir)/po $< $@'
INTLTOOL_EXTRACT='/usr/bin/intltool-extract'
INTLTOOL_KBD_RULE='%.kbd:       %.kbd.in       $(INTLTOOL_MERGE) $(wildcard $(top_srcdir)/po/*.po) ; LC_ALL=C $(INTLTOOL_MERGE) -x -u -m -c $(top_builddir)/po/.intltool-merge-cache $(top_srcdir)/po $< $@'
INTLTOOL_KEYS_RULE='%.keys:      %.keys.in      $(INTLTOOL_MERGE) $(wildcard $(top_srcdir)/po/*.po) ; LC_ALL=C $(INTLTOOL_MERGE) -k -u -c $(top_builddir)/po/.intltool-merge-cache $(top_srcdir)/po $< $@'
INTLTOOL_MERGE='/usr/bin/intltool-merge'
INTLTOOL_OAF_RULE='%.oaf:       %.oaf.in       $(INTLTOOL_MERGE) $(wildcard $(top_srcdir)/po/*.po) ; LC_ALL=C $(INTLTOOL_MERGE) -o -p $(top_srcdir)/po $< $@'
INTLTOOL_PERL='/usr/bin/perl'
INTLTOOL_POLICY_RULE='%.policy:    %.policy.in    $(INTLTOOL_MERGE) $(wildcard $(top_srcdir)/po/*.po) ; LC_ALL=C $(INTLTOOL_MERGE) -x -u -c $(top_builddir)/po/.intltool-merge-cache $(top_srcdir)/po $< $@'
INTLTOOL_PONG_RULE='%.pong:      %.pong.in      $(INTLTOOL_MERGE) $(wildcard $(top_srcdir)/po/*.po) ; LC_ALL=C $(INTLTOOL_MERGE) -x -u -c $(top_builddir)/po/.intltool-merge-cache $(top_srcdir)/po $< $@'
INTLTOOL_PROP_RULE='%.prop:      %.prop.in      $(INTLTOOL_MERGE) $(wildcard $(top_srcdir)/po/*.po) ; LC_ALL=C $(INTLTOOL_MERGE) -d -u -c $(top_builddir)/po/.intltool-merge-cache $(top_srcdir)/po $< $@'
INTLTOOL_SCHEMAS_RULE='%.schemas:   %.schemas.in   $(INTLTOOL_MERGE) $(wildcard $(top_srcdir)/po/*.po) ; LC_ALL=C $(INTLTOOL_MERGE) -s -u -c $(top_builddir)/po/.intltool-merge-cache $(top_srcdir)/po $< $@'
INTLTOOL_SERVER_RULE='%.server:    %.server.in    $(INTLTOOL_MERGE) $(wildcard $(top_srcdir)/po/*.po) ; LC_ALL=C $(INTLTOOL_MERGE) -o -u -c $(top_builddir)/po/.intltool-merge-cache $(top_srcdir)/po $< $@'
INTLTOOL_SERVICE_RULE='%.service: %.service.in   $(INTLTOOL_MERGE) $(wildcard $(top_srcdir)/po/*.po) ; LC_ALL=C $(INTLTOOL_MERGE) -d -u -c $(top_builddir)/po/.intltool-merge-cache $(top_srcdir)/po $< $@'
INTLTOOL_SHEET_RULE='%.sheet:     %.sheet.in     $(INTLTOOL_MERGE) $(wildcard $(top_srcdir)/po/*.po) ; LC_ALL=C $(INTLTOOL_MERGE) -x -u -c $(top_builddir)/po/.intltool-merge-cache $(top_srcdir)/po $< $@'
INTLTOOL_SOUNDLIST_RULE='%.soundlist: %.soundlist.in $(INTLTOOL_MERGE) $(wildcard $(top_srcdir)/po/*.po) ; LC_ALL=C $(INTLTOOL_MERGE) -d -u -c $(top_builddir)/po/.intltool-merge-cache $(top_srcdir)/po $< $@'
INTLTOOL_THEME_RULE='%.theme:     %.theme.in     $(INTLTOOL_MERGE) $(wildcard $(top_srcdir)/po/*.po) ; LC_ALL=C $(INTLTOOL_MERGE) -d -u -c $(top_builddir)/po/.intltool-merge-cache $(top_srcdir)/po $< $@'
INTLTOOL_UI_RULE='%.ui:        %.ui.in        $(INTLTOOL_MERGE) $(wildcard $(top_srcdir)/po/*.po) ; LC_ALL=C $(INTLTOOL_MERGE) -x -u -c $(top_builddir)/po/.intltool-merge-cache $(top_srcdir)/po $< $@'
INTLTOOL_UPDATE='/usr/bin/intltool-update'
INTLTOOL_XAM_RULE='%.xam:       %.xml.in       $(INTLTOOL_MERGE) $(wildcard $(top_srcdir)/po/*.po) ; LC_ALL=C $(INTLTOOL_MERGE) -x -u -c $(top_builddir)/po/.intltool-merge-cache $(top_srcdir)/po $< $@'
INTLTOOL_XML_NOMERGE_RULE='%.xml:       %.xml.in       $(INTLTOOL_MERGE) ; LC_ALL=C $(INTLTOOL_MERGE) -x -u /tmp $< $@'
INTLTOOL_XML_RULE='%.xml:       %.xml.in       $(INTLTOOL_MERGE) $(wildcard $(top_srcdir)/po/*.po) ; LC_ALL=C $(INTLTOOL_MERGE) -x -u -c $(top_builddir)/po/.intltool-merge-cache $(top_srcdir)/po $< $@'
LD='/usr/bin/ld -m elf_x86_64'
LDFLAGS=''
LIBOBJS=''
LIBS=''
LIBTOOL='$(SHELL) $(top_builddir)/libtool'
LIPO=''
LN_S='ln -s'
LTLIBOBJS=''
MAINT=''
MAINTAINER_MODE_FALSE='#'
MAINTAINER_MODE_TRUE=''
MAKEINFO='${SHELL} /home/rm/code/seminar_c/mesh/missing --run makeinfo'
MKDIR_P='/bin/mkdir -p'
MKINSTALLDIRS='./mkinstalldirs'
MSGFMT='/usr/bin/msgfmt'
MSGFMT_OPTS='-c'
MSGMERGE='/usr/bin/msgmerge'
NM='/usr/bin/nm -B'
NMEDIT=''
OBJDUMP='objdump'
OBJEXT='o'
OTOOL64=''
OTOOL=''
PACKAGE='mesh'
PACKAGE_BUGREPORT=''
PACKAGE_NAME='mesh'
PACKAGE_STRING='mesh 0.1'
PACKAGE_TARNAME='mesh'
PACKAGE_URL=''
PACKAGE_VERSION='0.1'
PATH_SEPARATOR=':'
POFILES=''
POSUB='po'
PO_IN_DATADIR_FALSE=''
PO_IN_DATADIR_TRUE=''
RANLIB='ranlib'
SED='/bin/sed'
SET_MAKE=''
SHELL='/bin/bash'
STRIP='strip'
USE_NLS='yes'
VERSION='0.1'
XGETTEXT='/usr/bin/xgettext'
ac_ct_CC='gcc'
ac_ct_DUMPBIN=''
am__EXEEXT_FALSE=''
am__EXEEXT_TRUE='#'
am__fastdepCC_FALSE='#'
am__fastdepCC_TRUE=''
am__include='include'
am__isrc=''
am__leading_dot='.'
am__quote=''
am__tar='${AMTAR} chof - "$$tardir"'
am__untar='${AMTAR} xf -'
bindir='${exec_prefix}/bin'
build='x86_64-unknown-linux-gnu'
build_alias=''
build_cpu='x86_64'
build_os='linux-gnu'
build_vendor='unknown'
datadir='${datarootdir}'
datarootdir='${prefix}/share'
docdir='${datarootdir}/doc/${PACKAGE_TARNAME}'
dvidir='${docdir}'
exec_prefix='${prefix}'
host='x86_64-unknown-linux-gnu'
host_alias=''
host_cpu='x86_64'
host_os='linux-gnu'
host_vendor='unknown'
htmldir='${docdir}'
includedir='${prefix}/include'
infodir='${datarootdir}/info'
install_sh='${SHELL} /home/rm/code/seminar_c/mesh/install-sh'
libdir='${exec_prefix}/lib'
libexecdir='${exec_prefix}/libexec'
localedir='${datarootdir}/locale'
localstatedir='${prefix}/var'
lt_ECHO='echo'
mandir='${datarootdir}/man'
mkdir_p='/bin/mkdir -p'
oldincludedir='/usr/include'
pdfdir='${docdir}'
prefix='/usr/local'
program_transform_name='s,x,x,'
psdir='${docdir}'
sbindir='${exec_prefix}/sbin'
sharedstatedir='${prefix}/com'
sysconfdir='${prefix}/etc'
target_alias=''

## ----------- ##
## confdefs.h. ##
## ----------- ##

/* confdefs.h */
#define PACKAGE_NAME "mesh"
#define PACKAGE_TARNAME "mesh"
#define PACKAGE_VERSION "0.1"
#define PACKAGE_STRING "mesh 0.1"
#define PACKAGE_BUGREPORT ""
#define PACKAGE_URL ""
#define PACKAGE "mesh"
#define VERSION "0.1"
#define GETTEXT_PACKAGE "mesh"
#define STDC_HEADERS 1
#define HAVE_SYS_TYPES_H 1
#define HAVE_SYS_STAT_H 1
#define HAVE_STDLIB_H 1
#define HAVE_STRING_H 1
#define HAVE_MEMORY_H 1
#define HAVE_STRINGS_H 1
#define HAVE_INTTYPES_H 1
#define HAVE_STDINT_H 1
#define HAVE_UNISTD_H 1
#define HAVE_LOCALE_H 1
#define HAVE_LC_MESSAGES 1
#define HAVE_BIND_TEXTDOMAIN_CODESET 1
#define HAVE_GETTEXT 1
#define HAVE_DCGETTEXT 1
#define ENABLE_NLS 1
#define HAVE_DLFCN_H 1
#define LT_OBJDIR ".libs/"

configure: exit 0

## ---------------------- ##
## Running config.status. ##
## ---------------------- ##

This file was extended by mesh config.status 0.1, which was
generated by GNU Autoconf 2.67.  Invocation command line was

  CONFIG_FILES    = 
  CONFIG_HEADERS  = 
  CONFIG_LINKS    = 
  CONFIG_COMMANDS = 
  $ ./config.status src/Makefile depfiles

on debcodec

config.status:1144: creating src/Makefile
config.status:1372: executing depfiles commands

## ---------------------- ##
## Running config.status. ##
## ---------------------- ##

This file was extended by mesh config.status 0.1, which was
generated by GNU Autoconf 2.67.  Invocation command line was

  CONFIG_FILES    = 
  CONFIG_HEADERS  = 
  CONFIG_LINKS    = 
  CONFIG_COMMANDS = 
  $ ./config.status src/Makefile depfiles

on debcodec

config.status:1144: creating src/Makefile
config.status:1372: executing depfiles commands

## ---------------------- ##
## Running config.status. ##
## ---------------------- ##

This file was extended by mesh config.status 0.1, which was
generated by GNU Autoconf 2.67.  Invocation command line was

  CONFIG_FILES    = 
  CONFIG_HEADERS  = 
  CONFIG_LINKS    = 
  CONFIG_COMMANDS = 
  $ ./config.status src/Makefile depfiles

on debcodec

config.status:1144: creating src/Makefile
config.status:1372: executing depfiles commands
